app/build/outputs/logs/manifest-merger-release-report.txt
-- Merging decision tree log ---
manifest
ADDED from src/main/AndroidManifest.xml:2:1-58:12
	xmlns:android
		ADDED from src/main/AndroidManifest.xml:2:11-69
	package
		ADDED from src/main/AndroidManifest.xml:3:5-34
		INJECTED from src/main/AndroidManifest.xml
		INJECTED from src/main/AndroidManifest.xml
	android:versionName
		INJECTED from src/main/AndroidManifest.xml
		INJECTED from src/main/AndroidManifest.xml
	android:versionCode
		INJECTED from src/main/AndroidManifest.xml
		INJECTED from src/main/AndroidManifest.xml
uses-permission#android.permission.INTERNET
ADDED from src/main/AndroidManifest.xml:5:5-67
	android:name
		ADDED from src/main/AndroidManifest.xml:5:22-64
uses-permission#android.permission.WRITE_EXTERNAL_STORAGE
ADDED from src/main/AndroidManifest.xml:7:5-81
	android:name
		ADDED from src/main/AndroidManifest.xml:7:22-78
uses-permission#android.permission.ACCESS_NETWORK_STATE
ADDED from src/main/AndroidManifest.xml:9:5-79
	android:name
		ADDED from src/main/AndroidManifest.xml:9:22-76
application
ADDED from src/main/AndroidManifest.xml:11:5-56:19
MERGED from [com.android.support:appcompat-v7:23.0.1] AndroidManifest.xml:22:5-20
MERGED from [com.android.support:support-v4:23.0.1] AndroidManifest.xml:22:5-20
MERGED from [com.android.support:support-v4:23.0.1] AndroidManifest.xml:22:5-20
MERGED from [com.android.support:design:23.0.1] AndroidManifest.xml:22:5-20
MERGED from [com.android.support:support-v4:23.0.1] AndroidManifest.xml:22:5-20
MERGED from [com.android.support:appcompat-v7:23.0.1] AndroidManifest.xml:22:5-20
MERGED from [com.android.support:support-v4:23.0.1] AndroidManifest.xml:22:5-20
MERGED from [com.lsjwzh:materialloadingprogressbar:0.5.6-RELEASE] AndroidManifest.xml:11:5-12:19
MERGED from [com.android.support:appcompat-v7:23.0.1] AndroidManifest.xml:22:5-20
MERGED from [com.android.support:support-v4:23.0.1] AndroidManifest.xml:22:5-20
	android:supportsRtl
		ADDED from src/main/AndroidManifest.xml:15:9-35
	android:label
		ADDED from src/main/AndroidManifest.xml:14:9-41
	android:allowBackup
		ADDED from src/main/AndroidManifest.xml:12:9-35
	android:icon
		ADDED from src/main/AndroidManifest.xml:13:9-43
	android:theme
		ADDED from src/main/AndroidManifest.xml:16:9-40
activity#gr.apphub.globotest.MainActivity
ADDED from src/main/AndroidManifest.xml:17:9-26:20
	android:configChanges
		ADDED from src/main/AndroidManifest.xml:19:13-74
	android:name
		ADDED from src/main/AndroidManifest.xml:18:13-41
	android:launchMode
		ADDED from src/main/AndroidManifest.xml:20:13-43
intent-filter#android.intent.action.MAIN+android.intent.category.DEFAULT
ADDED from src/main/AndroidManifest.xml:21:13-25:29
action#android.intent.action.MAIN
ADDED from src/main/AndroidManifest.xml:22:17-69
	android:name
		ADDED from src/main/AndroidManifest.xml:22:25-66
category#android.intent.category.DEFAULT
ADDED from src/main/AndroidManifest.xml:24:17-76
	android:name
		ADDED from src/main/AndroidManifest.xml:24:27-73
activity#gr.apphub.globotest.SplashActivity
ADDED from src/main/AndroidManifest.xml:27:9-38:20
	android:label
		ADDED from src/main/AndroidManifest.xml:30:13-45
	android:configChanges
		ADDED from src/main/AndroidManifest.xml:29:13-74
	android:theme
		ADDED from src/main/AndroidManifest.xml:31:13-71
	android:name
		ADDED from src/main/AndroidManifest.xml:28:13-43
intent-filter#android.intent.action.MAIN+android.intent.category.LAUNCHER
ADDED from src/main/AndroidManifest.xml:33:13-37:29
category#android.intent.category.LAUNCHER
ADDED from src/main/AndroidManifest.xml:36:17-77
	android:name
		ADDED from src/main/AndroidManifest.xml:36:27-74
activity#gr.apphub.globotest.Main2Activity
ADDED from src/main/AndroidManifest.xml:39:9-47:20
	android:label
		ADDED from src/main/AndroidManifest.xml:41:13-57
	android:theme
		ADDED from src/main/AndroidManifest.xml:43:13-56
	android:parentActivityName
		ADDED from src/main/AndroidManifest.xml:42:13-55
	android:name
		ADDED from src/main/AndroidManifest.xml:40:13-42
meta-data#android.support.PARENT_ACTIVITY
ADDED from src/main/AndroidManifest.xml:44:13-46:68
	android:name
		ADDED from src/main/AndroidManifest.xml:45:17-63
	android:value
		ADDED from src/main/AndroidManifest.xml:46:17-65
activity#gr.apphub.globotest.PrefsActivity
ADDED from src/main/AndroidManifest.xml:48:9-51:20
	android:name
		ADDED from src/main/AndroidManifest.xml:49:13-42
service#gr.apphub.globotest.DownloadService
ADDED from src/main/AndroidManifest.xml:53:9-55:66
	android:configChanges
		ADDED from src/main/AndroidManifest.xml:55:13-63
	android:name
		ADDED from src/main/AndroidManifest.xml:54:13-44
uses-sdk
INJECTED from src/main/AndroidManifest.xml reason: use-sdk injection requested
MERGED from [com.android.support:appcompat-v7:23.0.1] AndroidManifest.xml:20:5-43
MERGED from [com.android.support:support-v4:23.0.1] AndroidManifest.xml:20:5-43
MERGED from [com.android.support:support-v4:23.0.1] AndroidManifest.xml:20:5-43
MERGED from [com.android.support:design:23.0.1] AndroidManifest.xml:20:5-43
MERGED from [com.android.support:support-v4:23.0.1] AndroidManifest.xml:20:5-43
MERGED from [com.android.support:appcompat-v7:23.0.1] AndroidManifest.xml:20:5-43
MERGED from [com.android.support:support-v4:23.0.1] AndroidManifest.xml:20:5-43
MERGED from [com.lsjwzh:materialloadingprogressbar:0.5.6-RELEASE] AndroidManifest.xml:7:5-9:41
MERGED from [com.android.support:appcompat-v7:23.0.1] AndroidManifest.xml:20:5-43
MERGED from [com.android.support:support-v4:23.0.1] AndroidManifest.xml:20:5-43
	android:targetSdkVersion
		INJECTED from src/main/AndroidManifest.xml
		INJECTED from src/main/AndroidManifest.xml
	android:minSdkVersion
		INJECTED from src/main/AndroidManifest.xml
		INJECTED from src/main/AndroidManifest.xml